[1120/212010:WARNING:resource_bundle.cc(304)] locale_file_path.empty()
[1120/212010:ERROR:main_delegate.cc(564)] Could not load locale pak for en-US
[1120/212010:ERROR:main_delegate.cc(571)] Could not load cef.pak
[1120/212010:ERROR:main_delegate.cc(588)] Could not load cef_100_percent.pak
[1120/212010:WARNING:resource_bundle.cc(497)] locale resources are not loaded
[1120/212014:WARNING:resource_bundle.cc(304)] locale_file_path.empty()
[1120/212014:ERROR:main_delegate.cc(564)] Could not load locale pak for en-US
[1120/212014:ERROR:main_delegate.cc(571)] Could not load cef.pak
[1120/212014:ERROR:main_delegate.cc(588)] Could not load cef_100_percent.pak
[1120/212358:WARNING:dns_config_service_win.cc(654)] Failed to read DnsConfig.
[1120/212403:WARNING:dns_config_service_win.cc(654)] Failed to read DnsConfig.
[1120/212406:WARNING:dns_config_service_win.cc(654)] Failed to read DnsConfig.
[1120/212408:WARNING:dns_config_service_win.cc(654)] Failed to read DnsConfig.
[1120/212411:WARNING:dns_config_service_win.cc(654)] Failed to read DnsConfig.
[1120/212413:WARNING:dns_config_service_win.cc(654)] Failed to read DnsConfig.
[1120/212416:WARNING:dns_config_service_win.cc(654)] Failed to read DnsConfig.
[1120/212418:WARNING:dns_config_service_win.cc(654)] Failed to read DnsConfig.
[1120/212421:WARNING:dns_config_service_win.cc(654)] Failed to read DnsConfig.
[1120/212423:WARNING:dns_config_service_win.cc(654)] Failed to read DnsConfig.
[1120/212426:WARNING:dns_config_service_win.cc(654)] Failed to read DnsConfig.
[1120/212428:WARNING:dns_config_service_win.cc(654)] Failed to read DnsConfig.
[1120/212431:WARNING:dns_config_service_win.cc(654)] Failed to read DnsConfig.
[1120/212433:WARNING:dns_config_service_win.cc(654)] Failed to read DnsConfig.
[1120/212436:WARNING:dns_config_service_win.cc(654)] Failed to read DnsConfig.
[1120/212438:WARNING:dns_config_service_win.cc(654)] Failed to read DnsConfig.
[1120/212441:WARNING:dns_config_service_win.cc(654)] Failed to read DnsConfig.
[1120/212443:WARNING:dns_config_service_win.cc(654)] Failed to read DnsConfig.
[1120/212444:WARNING:dns_config_service_win.cc(654)] Failed to read DnsConfig.
[1120/212446:WARNING:dns_config_service_win.cc(654)] Failed to read DnsConfig.
[1120/212448:WARNING:dns_config_service_win.cc(654)] Failed to read DnsConfig.
[1120/212449:WARNING:dns_config_service_win.cc(654)] Failed to read DnsConfig.
[1120/212451:WARNING:dns_config_service_win.cc(654)] Failed to read DnsConfig.
[1120/212453:WARNING:dns_config_service_win.cc(654)] Failed to read DnsConfig.
[1120/212454:WARNING:dns_config_service_win.cc(654)] Failed to read DnsConfig.
[1120/212456:WARNING:dns_config_service_win.cc(654)] Failed to read DnsConfig.
[1120/212458:WARNING:dns_config_service_win.cc(654)] Failed to read DnsConfig.
[1120/212459:WARNING:dns_config_service_win.cc(654)] Failed to read DnsConfig.
[1120/212501:WARNING:dns_config_service_win.cc(654)] Failed to read DnsConfig.
[1120/212503:WARNING:dns_config_service_win.cc(654)] Failed to read DnsConfig.
[1120/212504:WARNING:dns_config_service_win.cc(654)] Failed to read DnsConfig.
[1120/212506:WARNING:dns_config_service_win.cc(654)] Failed to read DnsConfig.
[1120/212508:WARNING:dns_config_service_win.cc(654)] Failed to read DnsConfig.
[1120/212509:WARNING:dns_config_service_win.cc(654)] Failed to read DnsConfig.
[1120/212511:WARNING:dns_config_service_win.cc(654)] Failed to read DnsConfig.
[1120/212513:WARNING:dns_config_service_win.cc(654)] Failed to read DnsConfig.
[1120/212514:WARNING:dns_config_service_win.cc(654)] Failed to read DnsConfig.
[1120/212516:WARNING:dns_config_service_win.cc(654)] Failed to read DnsConfig.
[1120/212518:WARNING:dns_config_service_win.cc(654)] Failed to read DnsConfig.
[1120/212519:WARNING:dns_config_service_win.cc(654)] Failed to read DnsConfig.
[1120/212521:WARNING:dns_config_service_win.cc(654)] Failed to read DnsConfig.
[1120/212523:WARNING:dns_config_service_win.cc(654)] Failed to read DnsConfig.
[1120/212524:WARNING:dns_config_service_win.cc(654)] Failed to read DnsConfig.
[1120/212526:WARNING:dns_config_service_win.cc(654)] Failed to read DnsConfig.
[1120/212528:WARNING:dns_config_service_win.cc(654)] Failed to read DnsConfig.
[1120/212529:WARNING:dns_config_service_win.cc(654)] Failed to read DnsConfig.
[1120/212531:WARNING:dns_config_service_win.cc(654)] Failed to read DnsConfig.
[1120/212533:WARNING:dns_config_service_win.cc(654)] Failed to read DnsConfig.
[1120/212534:WARNING:dns_config_service_win.cc(654)] Failed to read DnsConfig.
[1120/212536:WARNING:dns_config_service_win.cc(654)] Failed to read DnsConfig.
[1120/212538:WARNING:dns_config_service_win.cc(654)] Failed to read DnsConfig.
[1120/212539:WARNING:dns_config_service_win.cc(654)] Failed to read DnsConfig.
[1120/212541:WARNING:dns_config_service_win.cc(654)] Failed to read DnsConfig.
[1120/212543:WARNING:dns_config_service_win.cc(654)] Failed to read DnsConfig.
[1120/212544:WARNING:dns_config_service_win.cc(654)] Failed to read DnsConfig.
[1120/212546:WARNING:dns_config_service_win.cc(654)] Failed to read DnsConfig.
[1120/212548:WARNING:dns_config_service_win.cc(654)] Failed to read DnsConfig.
[1120/212549:WARNING:dns_config_service_win.cc(654)] Failed to read DnsConfig.
[1120/212551:WARNING:dns_config_service_win.cc(654)] Failed to read DnsConfig.
[1120/212553:WARNING:dns_config_service_win.cc(654)] Failed to read DnsConfig.
[1120/212554:WARNING:dns_config_service_win.cc(654)] Failed to read DnsConfig.
[1120/212556:WARNING:dns_config_service_win.cc(654)] Failed to read DnsConfig.
[1120/212558:WARNING:dns_config_service_win.cc(654)] Failed to read DnsConfig.
[1120/212559:WARNING:dns_config_service_win.cc(654)] Failed to read DnsConfig.
[1120/212601:WARNING:dns_config_service_win.cc(654)] Failed to read DnsConfig.
[1120/212603:WARNING:dns_config_service_win.cc(654)] Failed to read DnsConfig.
[1120/212604:WARNING:dns_config_service_win.cc(654)] Failed to read DnsConfig.
[1120/212606:WARNING:dns_config_service_win.cc(654)] Failed to read DnsConfig.
[1120/212608:WARNING:dns_config_service_win.cc(654)] Failed to read DnsConfig.
[1120/212609:WARNING:dns_config_service_win.cc(654)] Failed to read DnsConfig.
[1120/212611:WARNING:dns_config_service_win.cc(654)] Failed to read DnsConfig.
[1120/212613:WARNING:dns_config_service_win.cc(654)] Failed to read DnsConfig.
[1120/212614:WARNING:dns_config_service_win.cc(654)] Failed to read DnsConfig.
[1120/212616:WARNING:dns_config_service_win.cc(654)] Failed to read DnsConfig.
[1120/212618:WARNING:dns_config_service_win.cc(654)] Failed to read DnsConfig.
[1120/212619:WARNING:dns_config_service_win.cc(654)] Failed to read DnsConfig.
[1120/212621:WARNING:dns_config_service_win.cc(654)] Failed to read DnsConfig.
[1120/212623:WARNING:dns_config_service_win.cc(654)] Failed to read DnsConfig.
[1120/212624:WARNING:dns_config_service_win.cc(654)] Failed to read DnsConfig.
[1120/212626:WARNING:dns_config_service_win.cc(654)] Failed to read DnsConfig.
[1120/212628:WARNING:dns_config_service_win.cc(654)] Failed to read DnsConfig.
[1120/212629:WARNING:dns_config_service_win.cc(654)] Failed to read DnsConfig.
[1120/212631:WARNING:dns_config_service_win.cc(654)] Failed to read DnsConfig.
[1120/212633:WARNING:dns_config_service_win.cc(654)] Failed to read DnsConfig.
[1120/212634:WARNING:dns_config_service_win.cc(654)] Failed to read DnsConfig.
[1120/212636:WARNING:dns_config_service_win.cc(654)] Failed to read DnsConfig.
[1120/212638:WARNING:dns_config_service_win.cc(654)] Failed to read DnsConfig.
[1120/212639:WARNING:dns_config_service_win.cc(654)] Failed to read DnsConfig.
[1120/212641:WARNING:dns_config_service_win.cc(654)] Failed to read DnsConfig.
[1120/212643:WARNING:dns_config_service_win.cc(654)] Failed to read DnsConfig.
[1120/212644:WARNING:dns_config_service_win.cc(654)] Failed to read DnsConfig.
[1120/212646:WARNING:dns_config_service_win.cc(654)] Failed to read DnsConfig.
[1120/212648:WARNING:dns_config_service_win.cc(654)] Failed to read DnsConfig.
[1120/212649:WARNING:dns_config_service_win.cc(654)] Failed to read DnsConfig.
[1120/212651:WARNING:dns_config_service_win.cc(654)] Failed to read DnsConfig.
[1120/212653:WARNING:dns_config_service_win.cc(654)] Failed to read DnsConfig.
[1120/212654:WARNING:dns_config_service_win.cc(654)] Failed to read DnsConfig.
[1120/212656:WARNING:dns_config_service_win.cc(654)] Failed to read DnsConfig.
[1120/212658:WARNING:dns_config_service_win.cc(654)] Failed to read DnsConfig.
[1120/212659:WARNING:dns_config_service_win.cc(654)] Failed to read DnsConfig.
[1120/212701:WARNING:dns_config_service_win.cc(654)] Failed to read DnsConfig.
[1120/212703:WARNING:dns_config_service_win.cc(654)] Failed to read DnsConfig.
[1120/212704:WARNING:dns_config_service_win.cc(654)] Failed to read DnsConfig.
[1120/212706:WARNING:dns_config_service_win.cc(654)] Failed to read DnsConfig.
[1120/212708:WARNING:dns_config_service_win.cc(654)] Failed to read DnsConfig.
[1120/212709:WARNING:dns_config_service_win.cc(654)] Failed to read DnsConfig.
[1120/212711:WARNING:dns_config_service_win.cc(654)] Failed to read DnsConfig.
[1120/212713:WARNING:dns_config_service_win.cc(654)] Failed to read DnsConfig.
[1120/212714:WARNING:dns_config_service_win.cc(654)] Failed to read DnsConfig.
[1120/212716:WARNING:dns_config_service_win.cc(654)] Failed to read DnsConfig.
[1120/212718:WARNING:dns_config_service_win.cc(654)] Failed to read DnsConfig.
[1120/212719:WARNING:dns_config_service_win.cc(654)] Failed to read DnsConfig.
[1120/212721:WARNING:dns_config_service_win.cc(654)] Failed to read DnsConfig.
[1120/212723:WARNING:dns_config_service_win.cc(654)] Failed to read DnsConfig.
[1120/212724:WARNING:dns_config_service_win.cc(654)] Failed to read DnsConfig.
[1120/212726:WARNING:dns_config_service_win.cc(654)] Failed to read DnsConfig.
[1120/212728:WARNING:dns_config_service_win.cc(654)] Failed to read DnsConfig.
[1120/212729:WARNING:dns_config_service_win.cc(654)] Failed to read DnsConfig.
[1120/212731:WARNING:dns_config_service_win.cc(654)] Failed to read DnsConfig.
[1120/212733:WARNING:dns_config_service_win.cc(654)] Failed to read DnsConfig.
[1120/212734:WARNING:dns_config_service_win.cc(654)] Failed to read DnsConfig.
[1120/212736:WARNING:dns_config_service_win.cc(654)] Failed to read DnsConfig.
[1120/212738:WARNING:dns_config_service_win.cc(654)] Failed to read DnsConfig.
[1120/212739:WARNING:dns_config_service_win.cc(654)] Failed to read DnsConfig.
[1120/212741:WARNING:dns_config_service_win.cc(654)] Failed to read DnsConfig.
[1120/212743:WARNING:dns_config_service_win.cc(654)] Failed to read DnsConfig.
[1120/212744:WARNING:dns_config_service_win.cc(654)] Failed to read DnsConfig.
[1120/212746:WARNING:dns_config_service_win.cc(654)] Failed to read DnsConfig.
[1120/212748:WARNING:dns_config_service_win.cc(654)] Failed to read DnsConfig.
[1120/212749:WARNING:dns_config_service_win.cc(654)] Failed to read DnsConfig.
[1120/212751:WARNING:dns_config_service_win.cc(654)] Failed to read DnsConfig.
[1120/212753:WARNING:dns_config_service_win.cc(654)] Failed to read DnsConfig.
[1120/212754:WARNING:dns_config_service_win.cc(654)] Failed to read DnsConfig.
[1120/212756:WARNING:dns_config_service_win.cc(654)] Failed to read DnsConfig.
[1120/212758:WARNING:dns_config_service_win.cc(654)] Failed to read DnsConfig.
[1120/212759:WARNING:dns_config_service_win.cc(654)] Failed to read DnsConfig.
[1120/212801:WARNING:dns_config_service_win.cc(654)] Failed to read DnsConfig.
[1120/212803:WARNING:dns_config_service_win.cc(654)] Failed to read DnsConfig.
